0 info it worked if it ends with ok
1 verbose cli [ 'C:\\Program Files\\nodejs\\node.exe',
1 verbose cli   'C:\\Program Files\\nodejs\\node_modules\\npm\\bin\\npm-cli.js',
1 verbose cli   'install',
1 verbose cli   'datatables.net' ]
2 info using npm@3.10.8
3 info using node@v6.9.1
4 silly loadCurrentTree Starting
5 silly install loadCurrentTree
6 silly install readLocalPackageData
7 silly fetchPackageMetaData datatables.net
8 silly fetchNamedPackageData datatables.net
9 silly mapToRegistry name datatables.net
10 silly mapToRegistry using default registry
11 silly mapToRegistry registry https://registry.npmjs.org/
12 silly mapToRegistry data Result {
12 silly mapToRegistry   raw: 'datatables.net',
12 silly mapToRegistry   scope: null,
12 silly mapToRegistry   escapedName: 'datatables.net',
12 silly mapToRegistry   name: 'datatables.net',
12 silly mapToRegistry   rawSpec: '',
12 silly mapToRegistry   spec: 'latest',
12 silly mapToRegistry   type: 'tag' }
13 silly mapToRegistry uri https://registry.npmjs.org/datatables.net
14 verbose request uri https://registry.npmjs.org/datatables.net
15 verbose request no auth needed
16 info attempt registry request try #1 at 3:12:59 PM
17 verbose request id 65cdab520b5bb91e
18 http request GET https://registry.npmjs.org/datatables.net
19 http 200 https://registry.npmjs.org/datatables.net
20 verbose headers { server: 'nginx/1.10.1',
20 verbose headers   'content-type': 'application/json',
20 verbose headers   'last-modified': 'Fri, 30 Dec 2016 10:40:37 GMT',
20 verbose headers   etag: 'W/"586639a5-208d"',
20 verbose headers   'content-encoding': 'gzip',
20 verbose headers   'cache-control': 'max-age=300',
20 verbose headers   'content-length': '2270',
20 verbose headers   'accept-ranges': 'bytes',
20 verbose headers   date: 'Wed, 04 Jan 2017 08:13:11 GMT',
20 verbose headers   via: '1.1 varnish',
20 verbose headers   age: '0',
20 verbose headers   connection: 'keep-alive',
20 verbose headers   'x-served-by': 'cache-cdg8722-CDG',
20 verbose headers   'x-cache': 'MISS',
20 verbose headers   'x-cache-hits': '0',
20 verbose headers   'x-timer': 'S1483517591.904915,VS0,VE15',
20 verbose headers   vary: 'Accept-Encoding' }
21 silly get cb [ 200,
21 silly get   { server: 'nginx/1.10.1',
21 silly get     'content-type': 'application/json',
21 silly get     'last-modified': 'Fri, 30 Dec 2016 10:40:37 GMT',
21 silly get     etag: 'W/"586639a5-208d"',
21 silly get     'content-encoding': 'gzip',
21 silly get     'cache-control': 'max-age=300',
21 silly get     'content-length': '2270',
21 silly get     'accept-ranges': 'bytes',
21 silly get     date: 'Wed, 04 Jan 2017 08:13:11 GMT',
21 silly get     via: '1.1 varnish',
21 silly get     age: '0',
21 silly get     connection: 'keep-alive',
21 silly get     'x-served-by': 'cache-cdg8722-CDG',
21 silly get     'x-cache': 'MISS',
21 silly get     'x-cache-hits': '0',
21 silly get     'x-timer': 'S1483517591.904915,VS0,VE15',
21 silly get     vary: 'Accept-Encoding' } ]
22 verbose get saving datatables.net to C:\Users\User\AppData\Roaming\npm-cache\registry.npmjs.org\datatables.net\.cache.json
23 verbose correctMkdir C:\Users\User\AppData\Roaming\npm-cache correctMkdir not in flight; initializing
24 silly install normalizeTree
25 silly loadCurrentTree Finishing
26 silly loadIdealTree Starting
27 silly install loadIdealTree
28 silly cloneCurrentTree Starting
29 silly install cloneCurrentTreeToIdealTree
30 silly cloneCurrentTree Finishing
31 silly loadShrinkwrap Starting
32 silly install loadShrinkwrap
33 silly loadShrinkwrap Finishing
34 silly loadAllDepsIntoIdealTree Starting
35 silly install loadAllDepsIntoIdealTree
36 silly resolveWithNewModule datatables.net@1.10.13 checking installable status
37 silly cache add args [ 'datatables.net', null ]
38 verbose cache add spec datatables.net
39 silly cache add parsed spec Result {
39 silly cache add   raw: 'datatables.net',
39 silly cache add   scope: null,
39 silly cache add   escapedName: 'datatables.net',
39 silly cache add   name: 'datatables.net',
39 silly cache add   rawSpec: '',
39 silly cache add   spec: 'latest',
39 silly cache add   type: 'tag' }
40 silly addNamed datatables.net@latest
41 verbose addNamed "latest" is being treated as a dist-tag for datatables.net
42 info addNameTag [ 'datatables.net', 'latest' ]
43 silly mapToRegistry name datatables.net
44 silly mapToRegistry using default registry
45 silly mapToRegistry registry https://registry.npmjs.org/
46 silly mapToRegistry data Result {
46 silly mapToRegistry   raw: 'datatables.net',
46 silly mapToRegistry   scope: null,
46 silly mapToRegistry   escapedName: 'datatables.net',
46 silly mapToRegistry   name: 'datatables.net',
46 silly mapToRegistry   rawSpec: '',
46 silly mapToRegistry   spec: 'latest',
46 silly mapToRegistry   type: 'tag' }
47 silly mapToRegistry uri https://registry.npmjs.org/datatables.net
48 verbose addNameTag registry:https://registry.npmjs.org/datatables.net not in flight; fetching
49 verbose get https://registry.npmjs.org/datatables.net not expired, no request
50 silly addNameTag next cb for datatables.net with tag latest
51 silly addNamed datatables.net@1.10.13
52 verbose addNamed "1.10.13" is a plain semver version for datatables.net
53 silly mapToRegistry name datatables.net
54 silly mapToRegistry using default registry
55 silly mapToRegistry registry https://registry.npmjs.org/
56 silly mapToRegistry data Result {
56 silly mapToRegistry   raw: 'datatables.net',
56 silly mapToRegistry   scope: null,
56 silly mapToRegistry   escapedName: 'datatables.net',
56 silly mapToRegistry   name: 'datatables.net',
56 silly mapToRegistry   rawSpec: '',
56 silly mapToRegistry   spec: 'latest',
56 silly mapToRegistry   type: 'tag' }
57 silly mapToRegistry uri https://registry.npmjs.org/datatables.net
58 verbose addRemoteTarball https://registry.npmjs.org/datatables.net/-/datatables.net-1.10.13.tgz not in flight; adding
59 verbose addRemoteTarball [ 'https://registry.npmjs.org/datatables.net/-/datatables.net-1.10.13.tgz',
59 verbose addRemoteTarball   '6ac584ba6fc2dff1195e5c66d3e3b051a4b52b96' ]
60 info retry fetch attempt 1 at 3:13:02 PM
61 info attempt registry request try #1 at 3:13:02 PM
62 http fetch GET https://registry.npmjs.org/datatables.net/-/datatables.net-1.10.13.tgz
63 http fetch 200 https://registry.npmjs.org/datatables.net/-/datatables.net-1.10.13.tgz
64 info retry will retry, error on last attempt: Error: read ECONNRESET
65 silly fetchAndShaCheck shasum 6ac584ba6fc2dff1195e5c66d3e3b051a4b52b96
66 silly rollbackFailedOptional Starting
67 silly rollbackFailedOptional Finishing
68 silly runTopLevelLifecycles Finishing
69 silly install printInstalled
70 verbose stack Error: shasum check failed for C:\Users\User\AppData\Local\Temp\npm-11068-5e6e6209\registry.npmjs.org\datatables.net\-\datatables.net-1.10.13.tgz
70 verbose stack Expected: 6ac584ba6fc2dff1195e5c66d3e3b051a4b52b96
70 verbose stack Actual:   d228f37aa436eea06130c288662722514294e7ae
70 verbose stack From:     https://registry.npmjs.org/datatables.net/-/datatables.net-1.10.13.tgz
70 verbose stack     at C:\Program Files\nodejs\node_modules\npm\node_modules\sha\index.js:25:8
70 verbose stack     at ReadStream.<anonymous> (C:\Program Files\nodejs\node_modules\npm\node_modules\sha\index.js:72:7)
70 verbose stack     at emitNone (events.js:91:20)
70 verbose stack     at ReadStream.emit (events.js:185:7)
70 verbose stack     at endReadableNT (_stream_readable.js:974:12)
70 verbose stack     at _combinedTickCallback (internal/process/next_tick.js:74:11)
70 verbose stack     at process._tickCallback (internal/process/next_tick.js:98:9)
71 verbose cwd E:\DEXPERTIZE\PAL
72 error Windows_NT 6.3.9600
73 error argv "C:\\Program Files\\nodejs\\node.exe" "C:\\Program Files\\nodejs\\node_modules\\npm\\bin\\npm-cli.js" "install" "datatables.net"
74 error node v6.9.1
75 error npm  v3.10.8
76 error shasum check failed for C:\Users\User\AppData\Local\Temp\npm-11068-5e6e6209\registry.npmjs.org\datatables.net\-\datatables.net-1.10.13.tgz
76 error Expected: 6ac584ba6fc2dff1195e5c66d3e3b051a4b52b96
76 error Actual:   d228f37aa436eea06130c288662722514294e7ae
76 error From:     https://registry.npmjs.org/datatables.net/-/datatables.net-1.10.13.tgz
77 error If you need help, you may report this error at:
77 error     <https://github.com/npm/npm/issues>
78 verbose exit [ 1, true ]
